{
  "resources": [
    {
      "name": "0",
      "speed": 1,
      "cores": 1,
      "memory": 0
    },
    {
      "name": "1",
      "speed": 2,
      "cores": 1,
      "memory": 0
    },
    {
      "name": "2",
      "speed": 4,
      "cores": 1,
      "memory": 0
    },
    {
      "name": "3",
      "speed": 4,
      "cores": 1,
      "memory": 0
    }
  ],
  "graph": {
    "tasks": [
      {
        "name": "A",
        "flops": 64,
        "memory": 0,
        "min_cores": 1,
        "max_cores": 1,
        "inputs": [],
        "outputs": [
          0,
          1,
          2,
          3,
          4
        ]
      },
      {
        "name": "B",
        "flops": 76,
        "memory": 0,
        "min_cores": 1,
        "max_cores": 1,
        "inputs": [
          0
        ],
        "outputs": [
          5,
          6
        ]
      },
      {
        "name": "C",
        "flops": 52,
        "memory": 0,
        "min_cores": 1,
        "max_cores": 1,
        "inputs": [
          1
        ],
        "outputs": [
          7
        ]
      },
      {
        "name": "D",
        "flops": 32,
        "memory": 0,
        "min_cores": 1,
        "max_cores": 1,
        "inputs": [
          2
        ],
        "outputs": [
          8,
          9
        ]
      },
      {
        "name": "E",
        "flops": 56,
        "memory": 0,
        "min_cores": 1,
        "max_cores": 1,
        "inputs": [
          3
        ],
        "outputs": [
          10
        ]
      },
      {
        "name": "F",
        "flops": 64,
        "memory": 0,
        "min_cores": 1,
        "max_cores": 1,
        "inputs": [
          4
        ],
        "outputs": [
          11
        ]
      },
      {
        "name": "G",
        "flops": 60,
        "memory": 0,
        "min_cores": 1,
        "max_cores": 1,
        "inputs": [
          7
        ],
        "outputs": [
          12
        ]
      },
      {
        "name": "H",
        "flops": 44,
        "memory": 0,
        "min_cores": 1,
        "max_cores": 1,
        "inputs": [
          5,
          8,
          11
        ],
        "outputs": [
          13
        ]
      },
      {
        "name": "I",
        "flops": 48,
        "memory": 0,
        "min_cores": 1,
        "max_cores": 1,
        "inputs": [
          6,
          9,
          10
        ],
        "outputs": [
          14
        ]
      },
      {
        "name": "J",
        "flops": 28,
        "memory": 0,
        "min_cores": 1,
        "max_cores": 1,
        "inputs": [
          12,
          13,
          14
        ],
        "outputs": []
      }
    ],
    "data_items": [
      {
        "name": "a",
        "size": 18,
        "consumers": [
          1
        ]
      },
      {
        "name": "b",
        "size": 12,
        "consumers": [
          2
        ]
      },
      {
        "name": "c",
        "size": 9,
        "consumers": [
          3
        ]
      },
      {
        "name": "d",
        "size": 11,
        "consumers": [
          4
        ]
      },
      {
        "name": "e",
        "size": 14,
        "consumers": [
          5
        ]
      },
      {
        "name": "f",
        "size": 19,
        "consumers": [
          7
        ]
      },
      {
        "name": "g",
        "size": 16,
        "consumers": [
          8
        ]
      },
      {
        "name": "h",
        "size": 23,
        "consumers": [
          6
        ]
      },
      {
        "name": "i",
        "size": 27,
        "consumers": [
          7
        ]
      },
      {
        "name": "j",
        "size": 23,
        "consumers": [
          8
        ]
      },
      {
        "name": "k",
        "size": 13,
        "consumers": [
          8
        ]
      },
      {
        "name": "l",
        "size": 15,
        "consumers": [
          7
        ]
      },
      {
        "name": "m",
        "size": 17,
        "consumers": [
          9
        ]
      },
      {
        "name": "n",
        "size": 11,
        "consumers": [
          9
        ]
      },
      {
        "name": "o",
        "size": 13,
        "consumers": [
          9
        ]
      }
    ]
  },
  "events": [
    {
      "time": 0.0,
      "type": "task_scheduled",
      "task_id": 0,
      "task_name": "A",
      "location": "0",
      "cores": 1,
      "memory": 0
    },
    {
      "time": 0.0,
      "type": "task_started",
      "task_id": 0,
      "task_name": "A"
    },
    {
      "time": 64.0,
      "type": "task_completed",
      "task_id": 0,
      "task_name": "A"
    },
    {
      "time": 64.0,
      "type": "task_scheduled",
      "task_id": 1,
      "task_name": "B",
      "location": "0",
      "cores": 1,
      "memory": 0
    },
    {
      "time": 64.0,
      "type": "task_started",
      "task_id": 1,
      "task_name": "B"
    },
    {
      "time": 64.0,
      "type": "start_uploading",
      "from": "0",
      "to": "1",
      "data_id": 1,
      "data_item_id": 1,
      "data_name": "b"
    },
    {
      "time": 64.0,
      "type": "start_uploading",
      "from": "0",
      "to": "2",
      "data_id": 2,
      "data_item_id": 2,
      "data_name": "c"
    },
    {
      "time": 64.0,
      "type": "start_uploading",
      "from": "0",
      "to": "3",
      "data_id": 3,
      "data_item_id": 3,
      "data_name": "d"
    },
    {
      "time": 73.0,
      "type": "finish_uploading",
      "from": "0",
      "to": "2",
      "data_id": 2,
      "data_name": "c"
    },
    {
      "time": 73.0,
      "type": "task_scheduled",
      "task_id": 3,
      "task_name": "D",
      "location": "2",
      "cores": 1,
      "memory": 0
    },
    {
      "time": 73.0,
      "type": "task_started",
      "task_id": 3,
      "task_name": "D"
    },
    {
      "time": 75.0,
      "type": "finish_uploading",
      "from": "0",
      "to": "3",
      "data_id": 3,
      "data_name": "d"
    },
    {
      "time": 75.0,
      "type": "task_scheduled",
      "task_id": 4,
      "task_name": "E",
      "location": "3",
      "cores": 1,
      "memory": 0
    },
    {
      "time": 75.0,
      "type": "task_started",
      "task_id": 4,
      "task_name": "E"
    },
    {
      "time": 76.0,
      "type": "finish_uploading",
      "from": "0",
      "to": "1",
      "data_id": 1,
      "data_name": "b"
    },
    {
      "time": 76.0,
      "type": "task_scheduled",
      "task_id": 2,
      "task_name": "C",
      "location": "1",
      "cores": 1,
      "memory": 0
    },
    {
      "time": 76.0,
      "type": "task_started",
      "task_id": 2,
      "task_name": "C"
    },
    {
      "time": 81.0,
      "type": "task_completed",
      "task_id": 3,
      "task_name": "D"
    },
    {
      "time": 81.0,
      "type": "start_uploading",
      "from": "0",
      "to": "2",
      "data_id": 4,
      "data_item_id": 4,
      "data_name": "e"
    },
    {
      "time": 89.0,
      "type": "task_completed",
      "task_id": 4,
      "task_name": "E"
    },
    {
      "time": 95.0,
      "type": "finish_uploading",
      "from": "0",
      "to": "2",
      "data_id": 4,
      "data_name": "e"
    },
    {
      "time": 95.0,
      "type": "task_scheduled",
      "task_id": 5,
      "task_name": "F",
      "location": "2",
      "cores": 1,
      "memory": 0
    },
    {
      "time": 95.0,
      "type": "task_started",
      "task_id": 5,
      "task_name": "F"
    },
    {
      "time": 102.0,
      "type": "task_completed",
      "task_id": 2,
      "task_name": "C"
    },
    {
      "time": 102.0,
      "type": "task_scheduled",
      "task_id": 6,
      "task_name": "G",
      "location": "1",
      "cores": 1,
      "memory": 0
    },
    {
      "time": 102.0,
      "type": "task_started",
      "task_id": 6,
      "task_name": "G"
    },
    {
      "time": 111.0,
      "type": "task_completed",
      "task_id": 5,
      "task_name": "F"
    },
    {
      "time": 132.0,
      "type": "task_completed",
      "task_id": 6,
      "task_name": "G"
    },
    {
      "time": 140.0,
      "type": "task_completed",
      "task_id": 1,
      "task_name": "B"
    },
    {
      "time": 140.0,
      "type": "start_uploading",
      "from": "2",
      "to": "0",
      "data_id": 5,
      "data_item_id": 8,
      "data_name": "i"
    },
    {
      "time": 140.0,
      "type": "start_uploading",
      "from": "2",
      "to": "0",
      "data_id": 6,
      "data_item_id": 11,
      "data_name": "l"
    },
    {
      "time": 140.0,
      "type": "start_uploading",
      "from": "0",
      "to": "1",
      "data_id": 7,
      "data_item_id": 6,
      "data_name": "g"
    },
    {
      "time": 140.0,
      "type": "start_uploading",
      "from": "2",
      "to": "1",
      "data_id": 8,
      "data_item_id": 9,
      "data_name": "j"
    },
    {
      "time": 140.0,
      "type": "start_uploading",
      "from": "3",
      "to": "1",
      "data_id": 9,
      "data_item_id": 10,
      "data_name": "k"
    },
    {
      "time": 153.0,
      "type": "finish_uploading",
      "from": "3",
      "to": "1",
      "data_id": 9,
      "data_name": "k"
    },
    {
      "time": 155.0,
      "type": "finish_uploading",
      "from": "2",
      "to": "0",
      "data_id": 6,
      "data_name": "l"
    },
    {
      "time": 156.0,
      "type": "finish_uploading",
      "from": "0",
      "to": "1",
      "data_id": 7,
      "data_name": "g"
    },
    {
      "time": 163.0,
      "type": "finish_uploading",
      "from": "2",
      "to": "1",
      "data_id": 8,
      "data_name": "j"
    },
    {
      "time": 163.0,
      "type": "task_scheduled",
      "task_id": 8,
      "task_name": "I",
      "location": "1",
      "cores": 1,
      "memory": 0
    },
    {
      "time": 163.0,
      "type": "task_started",
      "task_id": 8,
      "task_name": "I"
    },
    {
      "time": 167.0,
      "type": "finish_uploading",
      "from": "2",
      "to": "0",
      "data_id": 5,
      "data_name": "i"
    },
    {
      "time": 167.0,
      "type": "task_scheduled",
      "task_id": 7,
      "task_name": "H",
      "location": "0",
      "cores": 1,
      "memory": 0
    },
    {
      "time": 167.0,
      "type": "task_started",
      "task_id": 7,
      "task_name": "H"
    },
    {
      "time": 187.0,
      "type": "task_completed",
      "task_id": 8,
      "task_name": "I"
    },
    {
      "time": 211.0,
      "type": "task_completed",
      "task_id": 7,
      "task_name": "H"
    },
    {
      "time": 211.0,
      "type": "start_uploading",
      "from": "1",
      "to": "0",
      "data_id": 10,
      "data_item_id": 12,
      "data_name": "m"
    },
    {
      "time": 211.0,
      "type": "start_uploading",
      "from": "1",
      "to": "0",
      "data_id": 11,
      "data_item_id": 14,
      "data_name": "o"
    },
    {
      "time": 224.0,
      "type": "finish_uploading",
      "from": "1",
      "to": "0",
      "data_id": 11,
      "data_name": "o"
    },
    {
      "time": 228.0,
      "type": "finish_uploading",
      "from": "1",
      "to": "0",
      "data_id": 10,
      "data_name": "m"
    },
    {
      "time": 228.0,
      "type": "task_scheduled",
      "task_id": 9,
      "task_name": "J",
      "location": "0",
      "cores": 1,
      "memory": 0
    },
    {
      "time": 228.0,
      "type": "task_started",
      "task_id": 9,
      "task_name": "J"
    },
    {
      "time": 256.0,
      "type": "task_completed",
      "task_id": 9,
      "task_name": "J"
    }
  ]
}